[bam_sort_core] merging from 9 files and 3 in-memory blocks...
[mpileup] 1 samples in 1 input files
[mpileup] maximum number of reads per input file set to -d 400
[bam_sort_core] merging from 15 files and 3 in-memory blocks...
[mpileup] 1 samples in 1 input files
[mpileup] maximum number of reads per input file set to -d 400
[bam_sort_core] merging from 12 files and 3 in-memory blocks...
[mpileup] 1 samples in 1 input files
[mpileup] maximum number of reads per input file set to -d 400
[bam_sort_core] merging from 12 files and 3 in-memory blocks...
[mpileup] 1 samples in 1 input files
[mpileup] maximum number of reads per input file set to -d 400
[bam_sort_core] merging from 12 files and 3 in-memory blocks...
[mpileup] 1 samples in 1 input files
[mpileup] maximum number of reads per input file set to -d 400
[bam_sort_core] merging from 12 files and 3 in-memory blocks...
[mpileup] 1 samples in 1 input files
[mpileup] maximum number of reads per input file set to -d 400
[bam_sort_core] merging from 12 files and 3 in-memory blocks...
[mpileup] 1 samples in 1 input files
[mpileup] maximum number of reads per input file set to -d 400
[bam_sort_core] merging from 9 files and 3 in-memory blocks...
[mpileup] 1 samples in 1 input files
[mpileup] maximum number of reads per input file set to -d 400
[bam_sort_core] merging from 9 files and 3 in-memory blocks...
[mpileup] 1 samples in 1 input files
[mpileup] maximum number of reads per input file set to -d 400
[bam_sort_core] merging from 9 files and 3 in-memory blocks...
[mpileup] 1 samples in 1 input files
[mpileup] maximum number of reads per input file set to -d 400
[bam_sort_core] merging from 6 files and 3 in-memory blocks...
[mpileup] 1 samples in 1 input files
[mpileup] maximum number of reads per input file set to -d 400
[bam_sort_core] merging from 6 files and 3 in-memory blocks...
[mpileup] 1 samples in 1 input files
[mpileup] maximum number of reads per input file set to -d 400
[bam_sort_core] merging from 18 files and 3 in-memory blocks...
[mpileup] 1 samples in 1 input files
[mpileup] maximum number of reads per input file set to -d 400
[bam_sort_core] merging from 6 files and 3 in-memory blocks...
[mpileup] 1 samples in 1 input files
[mpileup] maximum number of reads per input file set to -d 400
[bam_sort_core] merging from 9 files and 3 in-memory blocks...
[mpileup] 1 samples in 1 input files
[mpileup] maximum number of reads per input file set to -d 400
[bam_sort_core] merging from 12 files and 3 in-memory blocks...
[mpileup] 1 samples in 1 input files
[mpileup] maximum number of reads per input file set to -d 400
[bam_sort_core] merging from 9 files and 3 in-memory blocks...
[mpileup] 1 samples in 1 input files
[mpileup] maximum number of reads per input file set to -d 400
[bam_sort_core] merging from 12 files and 3 in-memory blocks...
[mpileup] 1 samples in 1 input files
[mpileup] maximum number of reads per input file set to -d 400
[bam_sort_core] merging from 6 files and 3 in-memory blocks...
[mpileup] 1 samples in 1 input files
[mpileup] maximum number of reads per input file set to -d 400
[bam_sort_core] merging from 15 files and 3 in-memory blocks...
[mpileup] 1 samples in 1 input files
[mpileup] maximum number of reads per input file set to -d 400
[bam_sort_core] merging from 12 files and 3 in-memory blocks...
[mpileup] 1 samples in 1 input files
[mpileup] maximum number of reads per input file set to -d 400
[bam_sort_core] merging from 15 files and 3 in-memory blocks...
[mpileup] 1 samples in 1 input files
[mpileup] maximum number of reads per input file set to -d 400
[bam_sort_core] merging from 15 files and 3 in-memory blocks...
[mpileup] 1 samples in 1 input files
[mpileup] maximum number of reads per input file set to -d 400
[bam_sort_core] merging from 12 files and 3 in-memory blocks...
[mpileup] 1 samples in 1 input files
[mpileup] maximum number of reads per input file set to -d 400
[bam_sort_core] merging from 12 files and 3 in-memory blocks...
[mpileup] 1 samples in 1 input files
[mpileup] maximum number of reads per input file set to -d 400
[bam_sort_core] merging from 12 files and 3 in-memory blocks...
[mpileup] 1 samples in 1 input files
[mpileup] maximum number of reads per input file set to -d 400
[E::hts_open_format] Failed to open file "/Volumes/Data/185/e/LB_185.D712+D505.cram" : No such file or directory
samtools view: failed to open "/Volumes/Data/185/e/LB_185.D712+D505.cram" for reading: No such file or directory
samtools merge: failed to read header from "/dev/fd/59"
Couldn't read header for '-'
[bam_mating_core] ERROR: Couldn't read header
[main_samview] fail to read the header from "-".
samtools sort: failed to read header from "-"
[mpileup] fail to read the header of -
Failed to read from /Users/ychen/COLD/data/F40_r18/coldF40_r18_raw.bcf: unknown file type
[bam_sort_core] merging from 18 files and 3 in-memory blocks...
[mpileup] 1 samples in 1 input files
[mpileup] maximum number of reads per input file set to -d 400
[bam_sort_core] merging from 15 files and 3 in-memory blocks...
[mpileup] 1 samples in 1 input files
[mpileup] maximum number of reads per input file set to -d 400
[bam_sort_core] merging from 12 files and 3 in-memory blocks...
[mpileup] 1 samples in 1 input files
[mpileup] maximum number of reads per input file set to -d 400
[bam_sort_core] merging from 3 files and 3 in-memory blocks...
[mpileup] 1 samples in 1 input files
[mpileup] maximum number of reads per input file set to -d 400
[bam_sort_core] merging from 3 files and 3 in-memory blocks...
[mpileup] 1 samples in 1 input files
[mpileup] maximum number of reads per input file set to -d 400
[bam_sort_core] merging from 3 files and 3 in-memory blocks...
[mpileup] 1 samples in 1 input files
[mpileup] maximum number of reads per input file set to -d 400
[bam_sort_core] merging from 6 files and 3 in-memory blocks...
[mpileup] 1 samples in 1 input files
[mpileup] maximum number of reads per input file set to -d 400
[bam_sort_core] merging from 3 files and 3 in-memory blocks...
[mpileup] 1 samples in 1 input files
[mpileup] maximum number of reads per input file set to -d 400
[bam_sort_core] merging from 3 files and 3 in-memory blocks...
[mpileup] 1 samples in 1 input files
[mpileup] maximum number of reads per input file set to -d 400
[bam_sort_core] merging from 6 files and 3 in-memory blocks...
[mpileup] 1 samples in 1 input files
[mpileup] maximum number of reads per input file set to -d 400
[bam_sort_core] merging from 9 files and 3 in-memory blocks...
[mpileup] 1 samples in 1 input files
[mpileup] maximum number of reads per input file set to -d 400
